Arguments: 
  C:\Program Files\nodejs\node.exe C:\Program Files (x86)\Yarn\bin\yarn.js add typescript --dev

PATH: 
  C:\Python311\Scripts\;C:\Python311\;C:\WINDOWS\system32;C:\WINDOWS;C:\WINDOWS\System32\Wbem;C:\WINDOWS\System32\WindowsPowerShell\v1.0\;C:\WINDOWS\System32\OpenSSH\;C:\PROGRA~1\IBM\SQLLIB\BIN;C:\PROGRA~1\IBM\SQLLIB\FUNCTION;C:\PROGRA~1\IBM\SQLLIB\SAMPLES\REPL;C:\ProgramData\chocolatey\bin;C:\Program Files\Git\cmd;C:\Program Files (x86)\Yarn\bin\;C:\Program Files\Amazon\AWSCLIV2\;C:\Program Files\Docker\Docker\resources\bin;C:\Users\M9N9MY1\AppData\Roaming\nvm;C:\Program Files\nodejs;C:\Program Files\1E\Client\Extensibility\NomadBranch;C:\Users\M9N9MY1\AppData\Local\Microsoft\WindowsApps;C:\Users\M9N9MY1\AppData\Local\Programs\Microsoft VS Code\bin;C:\Users\M9N9MY1\AppData\Local\JetBrains\Toolbox\scripts;C:\Users\M9N9MY1\AppData\Local\Yarn\bin;C:\Users\M9N9MY1\AppData\Roaming\nvm;C:\Program Files\nodejs;C:\Users\M9N9MY1\AppData\Local\Microsoft\WinGet\Packages\Hugo.Hugo.Extended_Microsoft.Winget.Source_8wekyb3d8bbwe;

Yarn version: 
  1.22.19

Node version: 
  18.13.0

Platform: 
  win32 x64

Trace: 
  SyntaxError: C:\Users\M9N9MY1\GitRepo_pessoal\package.json: Unexpected string in JSON at position 180
      at JSON.parse (<anonymous>)
      at C:\Program Files (x86)\Yarn\lib\cli.js:1629:59
      at Generator.next (<anonymous>)
      at step (C:\Program Files (x86)\Yarn\lib\cli.js:310:30)
      at C:\Program Files (x86)\Yarn\lib\cli.js:321:13

npm manifest: 
  {
    "name": "progweb",
    "version": "1.0.0",
    "description": "",
    "main": "index.js",
    "scripts": {
      "test": "echo \"Error: no test specified\" && exit 1",
      "dev": "npx nodemon --exec ts-node-dev src/server.ts"
    },
    "keywords": [],
    "author": "",
    "license": "ISC",
    "dependencies": {
      "dotenv": "^16.3.1",
      "express": "^4.18.2",
      "sqlite3": "^5.1.6",
      "tsc": "^2.0.4",
      "typeorm": "^0.3.17"
    },
    "devDependencies": {
      "@types/express": "^4.17.17",
      "@types/node": "^20.5.8",
      "nodemon": "^3.0.1",
      "ts-node-dev": "^2.0.0",
      "typescript": "^5.2.2"
    }
  }

yarn manifest: 
  No manifest

Lockfile: 
  No lockfile
